This is pdfTeX, Version 3.141592653-2.6-1.40.25 (MiKTeX 23.4) (preloaded format=pdflatex 2023.7.25)  25 JUL 2023 23:45
entering extended mode
 restricted \write18 enabled.
 %&-line parsing enabled.
**./Presentación.tex
(Presentación.tex
LaTeX2e <2022-11-01> patch level 1
L3 programming layer <2023-03-30>
(C:\Users\Magyolis Napoles\AppData\Local\Programs\MiKTeX\tex/latex/beamer\beame
r.cls
Document Class: beamer 2023/05/15 v3.70 A class for typesetting presentations

(C:\Users\Magyolis Napoles\AppData\Local\Programs\MiKTeX\tex/latex/beamer\beame
rbasemodes.sty
(C:\Users\Magyolis Napoles\AppData\Local\Programs\MiKTeX\tex/latex/etoolbox\eto
olbox.sty
Package: etoolbox 2020/10/05 v2.5k e-TeX tools for LaTeX (JAW)
\etb@tempcnta=\count185
)
\beamer@tempbox=\box51
\beamer@tempcount=\count186
\c@beamerpauses=\count187

(C:\Users\Magyolis Napoles\AppData\Local\Programs\MiKTeX\tex/latex/beamer\beame
rbasedecode.sty
\beamer@slideinframe=\count188
\beamer@minimum=\count189
\beamer@decode@box=\box52
)
\beamer@commentbox=\box53
\beamer@modecount=\count190
)
(C:\Users\Magyolis Napoles\AppData\Local\Programs\MiKTeX\tex/generic/iftex\ifte
x.sty
Package: iftex 2022/02/03 v1.0f TeX engine tests
)
\headdp=\dimen140
\footheight=\dimen141
\sidebarheight=\dimen142
\beamer@tempdim=\dimen143
\beamer@finalheight=\dimen144
\beamer@animht=\dimen145
\beamer@animdp=\dimen146
\beamer@animwd=\dimen147
\beamer@leftmargin=\dimen148
\beamer@rightmargin=\dimen149
\beamer@leftsidebar=\dimen150
\beamer@rightsidebar=\dimen151
\beamer@boxsize=\dimen152
\beamer@vboxoffset=\dimen153
\beamer@descdefault=\dimen154
\beamer@descriptionwidth=\dimen155
\beamer@lastskip=\skip48
\beamer@areabox=\box54
\beamer@animcurrent=\box55
\beamer@animshowbox=\box56
\beamer@sectionbox=\box57
\beamer@logobox=\box58
\beamer@linebox=\box59
\beamer@sectioncount=\count191
\beamer@subsubsectionmax=\count192
\beamer@subsectionmax=\count193
\beamer@sectionmax=\count194
\beamer@totalheads=\count195
\beamer@headcounter=\count196
\beamer@partstartpage=\count197
\beamer@sectionstartpage=\count198
\beamer@subsectionstartpage=\count199
\beamer@animationtempa=\count266
\beamer@animationtempb=\count267
\beamer@xpos=\count268
\beamer@ypos=\count269
\beamer@ypos@offset=\count270
\beamer@showpartnumber=\count271
\beamer@currentsubsection=\count272
\beamer@coveringdepth=\count273
\beamer@sectionadjust=\count274
\beamer@toclastsection=\count275
\beamer@tocsectionnumber=\count276

(C:\Users\Magyolis Napoles\AppData\Local\Programs\MiKTeX\tex/latex/beamer\beame
rbaseoptions.sty
(C:\Users\Magyolis Napoles\AppData\Local\Programs\MiKTeX\tex/latex/graphics\key
val.sty
Package: keyval 2022/05/29 v1.15 key=value parser (DPC)
\KV@toks@=\toks16
))
\beamer@paperwidth=\skip49
\beamer@paperheight=\skip50

(C:\Users\Magyolis Napoles\AppData\Local\Programs\MiKTeX\tex/latex/geometry\geo
metry.sty
Package: geometry 2020/01/02 v5.9 Page Geometry

(C:\Users\Magyolis Napoles\AppData\Local\Programs\MiKTeX\tex/generic/iftex\ifvt
ex.sty
Package: ifvtex 2019/10/25 v1.7 ifvtex legacy package. Use iftex instead.
)
\Gm@cnth=\count277
\Gm@cntv=\count278
\c@Gm@tempcnt=\count279
\Gm@bindingoffset=\dimen156
\Gm@wd@mp=\dimen157
\Gm@odd@mp=\dimen158
\Gm@even@mp=\dimen159
\Gm@layoutwidth=\dimen160
\Gm@layoutheight=\dimen161
\Gm@layouthoffset=\dimen162
\Gm@layoutvoffset=\dimen163
\Gm@dimlist=\toks17

(C:\Users\Magyolis Napoles\AppData\Local\Programs\MiKTeX\tex/latex/geometry\geo
metry.cfg))
(C:\Users\Magyolis Napoles\AppData\Local\Programs\MiKTeX\tex/latex/pgf/math\pgf
math.sty
(C:\Users\Magyolis Napoles\AppData\Local\Programs\MiKTeX\tex/latex/pgf/utilitie
s\pgfrcs.sty
(C:\Users\Magyolis Napoles\AppData\Local\Programs\MiKTeX\tex/generic/pgf/utilit
ies\pgfutil-common.tex
\pgfutil@everybye=\toks18
\pgfutil@tempdima=\dimen164
\pgfutil@tempdimb=\dimen165
)
(C:\Users\Magyolis Napoles\AppData\Local\Programs\MiKTeX\tex/generic/pgf/utilit
ies\pgfutil-latex.def
\pgfutil@abb=\box60
)
(C:\Users\Magyolis Napoles\AppData\Local\Programs\MiKTeX\tex/generic/pgf/utilit
ies\pgfrcs.code.tex
(C:\Users\Magyolis Napoles\AppData\Local\Programs\MiKTeX\tex/generic/pgf\pgf.re
vision.tex)
Package: pgfrcs 2023-01-15 v3.1.10 (3.1.10)
))
(C:\Users\Magyolis Napoles\AppData\Local\Programs\MiKTeX\tex/latex/pgf/utilitie
s\pgfkeys.sty
(C:\Users\Magyolis Napoles\AppData\Local\Programs\MiKTeX\tex/generic/pgf/utilit
ies\pgfkeys.code.tex
\pgfkeys@pathtoks=\toks19
\pgfkeys@temptoks=\toks20

(C:\Users\Magyolis Napoles\AppData\Local\Programs\MiKTeX\tex/generic/pgf/utilit
ies\pgfkeyslibraryfiltered.code.tex
\pgfkeys@tmptoks=\toks21
)))
(C:\Users\Magyolis Napoles\AppData\Local\Programs\MiKTeX\tex/generic/pgf/math\p
gfmath.code.tex
(C:\Users\Magyolis Napoles\AppData\Local\Programs\MiKTeX\tex/generic/pgf/math\p
gfmathutil.code.tex
\pgf@x=\dimen166
\pgf@xa=\dimen167
\pgf@xb=\dimen168
\pgf@xc=\dimen169
\pgf@y=\dimen170
\pgf@ya=\dimen171
\pgf@yb=\dimen172
\pgf@yc=\dimen173
\c@pgf@counta=\count280
\c@pgf@countb=\count281
\c@pgf@countc=\count282
\c@pgf@countd=\count283
)
(C:\Users\Magyolis Napoles\AppData\Local\Programs\MiKTeX\tex/generic/pgf/math\p
gfmathparser.code.tex
\pgfmath@dimen=\dimen174
\pgfmath@count=\count284
\pgfmath@box=\box61
\pgfmath@toks=\toks22
\pgfmath@stack@operand=\toks23
\pgfmath@stack@operation=\toks24
)
(C:\Users\Magyolis Napoles\AppData\Local\Programs\MiKTeX\tex/generic/pgf/math\p
gfmathfunctions.code.tex)
(C:\Users\Magyolis Napoles\AppData\Local\Programs\MiKTeX\tex/generic/pgf/math\p
gfmathfunctions.basic.code.tex)
(C:\Users\Magyolis Napoles\AppData\Local\Programs\MiKTeX\tex/generic/pgf/math\p
gfmathfunctions.trigonometric.code.tex)
(C:\Users\Magyolis Napoles\AppData\Local\Programs\MiKTeX\tex/generic/pgf/math\p
gfmathfunctions.random.code.tex)
(C:\Users\Magyolis Napoles\AppData\Local\Programs\MiKTeX\tex/generic/pgf/math\p
gfmathfunctions.comparison.code.tex)
(C:\Users\Magyolis Napoles\AppData\Local\Programs\MiKTeX\tex/generic/pgf/math\p
gfmathfunctions.base.code.tex)
(C:\Users\Magyolis Napoles\AppData\Local\Programs\MiKTeX\tex/generic/pgf/math\p
gfmathfunctions.round.code.tex)
(C:\Users\Magyolis Napoles\AppData\Local\Programs\MiKTeX\tex/generic/pgf/math\p
gfmathfunctions.misc.code.tex)
(C:\Users\Magyolis Napoles\AppData\Local\Programs\MiKTeX\tex/generic/pgf/math\p
gfmathfunctions.integerarithmetics.code.tex)
(C:\Users\Magyolis Napoles\AppData\Local\Programs\MiKTeX\tex/generic/pgf/math\p
gfmathcalc.code.tex)
(C:\Users\Magyolis Napoles\AppData\Local\Programs\MiKTeX\tex/generic/pgf/math\p
gfmathfloat.code.tex
\c@pgfmathroundto@lastzeros=\count285
)))
(C:\Users\Magyolis Napoles\AppData\Local\Programs\MiKTeX\tex/latex/base\size12.
clo
File: size12.clo 2022/07/02 v1.4n Standard LaTeX file (size option)
)
(C:\Users\Magyolis Napoles\AppData\Local\Programs\MiKTeX\tex/latex/pgf/basiclay
er\pgfcore.sty
(C:\Users\Magyolis Napoles\AppData\Local\Programs\MiKTeX\tex/latex/graphics\gra
phicx.sty
Package: graphicx 2021/09/16 v1.2d Enhanced LaTeX Graphics (DPC,SPQR)

(C:\Users\Magyolis Napoles\AppData\Local\Programs\MiKTeX\tex/latex/graphics\gra
phics.sty
Package: graphics 2022/03/10 v1.4e Standard LaTeX Graphics (DPC,SPQR)

(C:\Users\Magyolis Napoles\AppData\Local\Programs\MiKTeX\tex/latex/graphics\tri
g.sty
Package: trig 2021/08/11 v1.11 sin cos tan (DPC)
)
(C:\Users\Magyolis Napoles\AppData\Local\Programs\MiKTeX\tex/latex/graphics-cfg
\graphics.cfg
File: graphics.cfg 2016/06/04 v1.11 sample graphics configuration
)
Package graphics Info: Driver file: pdftex.def on input line 107.

(C:\Users\Magyolis Napoles\AppData\Local\Programs\MiKTeX\tex/latex/graphics-def
\pdftex.def
File: pdftex.def 2022/09/22 v1.2b Graphics/color driver for pdftex
))
\Gin@req@height=\dimen175
\Gin@req@width=\dimen176
)
(C:\Users\Magyolis Napoles\AppData\Local\Programs\MiKTeX\tex/latex/pgf/systemla
yer\pgfsys.sty
(C:\Users\Magyolis Napoles\AppData\Local\Programs\MiKTeX\tex/generic/pgf/system
layer\pgfsys.code.tex
Package: pgfsys 2023-01-15 v3.1.10 (3.1.10)
\pgf@x=\dimen177
\pgf@y=\dimen178
\pgf@xa=\dimen179
\pgf@ya=\dimen180
\pgf@xb=\dimen181
\pgf@yb=\dimen182
\pgf@xc=\dimen183
\pgf@yc=\dimen184
\pgf@xd=\dimen185
\pgf@yd=\dimen186
\w@pgf@writea=\write3
\r@pgf@reada=\read2
\c@pgf@counta=\count286
\c@pgf@countb=\count287
\c@pgf@countc=\count288
\c@pgf@countd=\count289
\t@pgf@toka=\toks25
\t@pgf@tokb=\toks26
\t@pgf@tokc=\toks27
\pgf@sys@id@count=\count290

(C:\Users\Magyolis Napoles\AppData\Local\Programs\MiKTeX\tex/generic/pgf/system
layer\pgf.cfg
File: pgf.cfg 2023-01-15 v3.1.10 (3.1.10)
)
Driver file for pgf: pgfsys-pdftex.def

(C:\Users\Magyolis Napoles\AppData\Local\Programs\MiKTeX\tex/generic/pgf/system
layer\pgfsys-pdftex.def
File: pgfsys-pdftex.def 2023-01-15 v3.1.10 (3.1.10)

(C:\Users\Magyolis Napoles\AppData\Local\Programs\MiKTeX\tex/generic/pgf/system
layer\pgfsys-common-pdf.def
File: pgfsys-common-pdf.def 2023-01-15 v3.1.10 (3.1.10)
)))
(C:\Users\Magyolis Napoles\AppData\Local\Programs\MiKTeX\tex/generic/pgf/system
layer\pgfsyssoftpath.code.tex
File: pgfsyssoftpath.code.tex 2023-01-15 v3.1.10 (3.1.10)
\pgfsyssoftpath@smallbuffer@items=\count291
\pgfsyssoftpath@bigbuffer@items=\count292
)
(C:\Users\Magyolis Napoles\AppData\Local\Programs\MiKTeX\tex/generic/pgf/system
layer\pgfsysprotocol.code.tex
File: pgfsysprotocol.code.tex 2023-01-15 v3.1.10 (3.1.10)
))
(C:\Users\Magyolis Napoles\AppData\Local\Programs\MiKTeX\tex/latex/xcolor\xcolo
r.sty
Package: xcolor 2022/06/12 v2.14 LaTeX color extensions (UK)

(C:\Users\Magyolis Napoles\AppData\Local\Programs\MiKTeX\tex/latex/graphics-cfg
\color.cfg
File: color.cfg 2016/01/02 v1.6 sample color configuration
)
Package xcolor Info: Driver file: pdftex.def on input line 227.

(C:\Users\Magyolis Napoles\AppData\Local\Programs\MiKTeX\tex/latex/graphics\mat
hcolor.ltx)
Package xcolor Info: Model `cmy' substituted by `cmy0' on input line 1353.
Package xcolor Info: Model `hsb' substituted by `rgb' on input line 1357.
Package xcolor Info: Model `RGB' extended on input line 1369.
Package xcolor Info: Model `HTML' substituted by `rgb' on input line 1371.
Package xcolor Info: Model `Hsb' substituted by `hsb' on input line 1372.
Package xcolor Info: Model `tHsb' substituted by `hsb' on input line 1373.
Package xcolor Info: Model `HSB' substituted by `hsb' on input line 1374.
Package xcolor Info: Model `Gray' substituted by `gray' on input line 1375.
Package xcolor Info: Model `wave' substituted by `hsb' on input line 1376.
)
(C:\Users\Magyolis Napoles\AppData\Local\Programs\MiKTeX\tex/generic/pgf/basicl
ayer\pgfcore.code.tex
Package: pgfcore 2023-01-15 v3.1.10 (3.1.10)

(C:\Users\Magyolis Napoles\AppData\Local\Programs\MiKTeX\tex/generic/pgf/math\p
gfint.code.tex)
(C:\Users\Magyolis Napoles\AppData\Local\Programs\MiKTeX\tex/generic/pgf/basicl
ayer\pgfcorepoints.code.tex
File: pgfcorepoints.code.tex 2023-01-15 v3.1.10 (3.1.10)
\pgf@picminx=\dimen187
\pgf@picmaxx=\dimen188
\pgf@picminy=\dimen189
\pgf@picmaxy=\dimen190
\pgf@pathminx=\dimen191
\pgf@pathmaxx=\dimen192
\pgf@pathminy=\dimen193
\pgf@pathmaxy=\dimen194
\pgf@xx=\dimen195
\pgf@xy=\dimen196
\pgf@yx=\dimen197
\pgf@yy=\dimen198
\pgf@zx=\dimen199
\pgf@zy=\dimen256
)
(C:\Users\Magyolis Napoles\AppData\Local\Programs\MiKTeX\tex/generic/pgf/basicl
ayer\pgfcorepathconstruct.code.tex
File: pgfcorepathconstruct.code.tex 2023-01-15 v3.1.10 (3.1.10)
\pgf@path@lastx=\dimen257
\pgf@path@lasty=\dimen258
)
(C:\Users\Magyolis Napoles\AppData\Local\Programs\MiKTeX\tex/generic/pgf/basicl
ayer\pgfcorepathusage.code.tex
File: pgfcorepathusage.code.tex 2023-01-15 v3.1.10 (3.1.10)
\pgf@shorten@end@additional=\dimen259
\pgf@shorten@start@additional=\dimen260
)
(C:\Users\Magyolis Napoles\AppData\Local\Programs\MiKTeX\tex/generic/pgf/basicl
ayer\pgfcorescopes.code.tex
File: pgfcorescopes.code.tex 2023-01-15 v3.1.10 (3.1.10)
\pgfpic=\box62
\pgf@hbox=\box63
\pgf@layerbox@main=\box64
\pgf@picture@serial@count=\count293
)
(C:\Users\Magyolis Napoles\AppData\Local\Programs\MiKTeX\tex/generic/pgf/basicl
ayer\pgfcoregraphicstate.code.tex
File: pgfcoregraphicstate.code.tex 2023-01-15 v3.1.10 (3.1.10)
\pgflinewidth=\dimen261
)
(C:\Users\Magyolis Napoles\AppData\Local\Programs\MiKTeX\tex/generic/pgf/basicl
ayer\pgfcoretransformations.code.tex
File: pgfcoretransformations.code.tex 2023-01-15 v3.1.10 (3.1.10)
\pgf@pt@x=\dimen262
\pgf@pt@y=\dimen263
\pgf@pt@temp=\dimen264
)
(C:\Users\Magyolis Napoles\AppData\Local\Programs\MiKTeX\tex/generic/pgf/basicl
ayer\pgfcorequick.code.tex
File: pgfcorequick.code.tex 2023-01-15 v3.1.10 (3.1.10)
)
(C:\Users\Magyolis Napoles\AppData\Local\Programs\MiKTeX\tex/generic/pgf/basicl
ayer\pgfcoreobjects.code.tex
File: pgfcoreobjects.code.tex 2023-01-15 v3.1.10 (3.1.10)
)
(C:\Users\Magyolis Napoles\AppData\Local\Programs\MiKTeX\tex/generic/pgf/basicl
ayer\pgfcorepathprocessing.code.tex
File: pgfcorepathprocessing.code.tex 2023-01-15 v3.1.10 (3.1.10)
)
(C:\Users\Magyolis Napoles\AppData\Local\Programs\MiKTeX\tex/generic/pgf/basicl
ayer\pgfcorearrows.code.tex
File: pgfcorearrows.code.tex 2023-01-15 v3.1.10 (3.1.10)
\pgfarrowsep=\dimen265
)
(C:\Users\Magyolis Napoles\AppData\Local\Programs\MiKTeX\tex/generic/pgf/basicl
ayer\pgfcoreshade.code.tex
File: pgfcoreshade.code.tex 2023-01-15 v3.1.10 (3.1.10)
\pgf@max=\dimen266
\pgf@sys@shading@range@num=\count294
\pgf@shadingcount=\count295
)
(C:\Users\Magyolis Napoles\AppData\Local\Programs\MiKTeX\tex/generic/pgf/basicl
ayer\pgfcoreimage.code.tex
File: pgfcoreimage.code.tex 2023-01-15 v3.1.10 (3.1.10)
)
(C:\Users\Magyolis Napoles\AppData\Local\Programs\MiKTeX\tex/generic/pgf/basicl
ayer\pgfcoreexternal.code.tex
File: pgfcoreexternal.code.tex 2023-01-15 v3.1.10 (3.1.10)
\pgfexternal@startupbox=\box65
)
(C:\Users\Magyolis Napoles\AppData\Local\Programs\MiKTeX\tex/generic/pgf/basicl
ayer\pgfcorelayers.code.tex
File: pgfcorelayers.code.tex 2023-01-15 v3.1.10 (3.1.10)
)
(C:\Users\Magyolis Napoles\AppData\Local\Programs\MiKTeX\tex/generic/pgf/basicl
ayer\pgfcoretransparency.code.tex
File: pgfcoretransparency.code.tex 2023-01-15 v3.1.10 (3.1.10)
)
(C:\Users\Magyolis Napoles\AppData\Local\Programs\MiKTeX\tex/generic/pgf/basicl
ayer\pgfcorepatterns.code.tex
File: pgfcorepatterns.code.tex 2023-01-15 v3.1.10 (3.1.10)
)
(C:\Users\Magyolis Napoles\AppData\Local\Programs\MiKTeX\tex/generic/pgf/basicl
ayer\pgfcorerdf.code.tex
File: pgfcorerdf.code.tex 2023-01-15 v3.1.10 (3.1.10)
)))
(C:\Users\Magyolis Napoles\AppData\Local\Programs\MiKTeX\tex/latex/pgf/utilitie
s\xxcolor.sty
Package: xxcolor 2003/10/24 ver 0.1
\XC@nummixins=\count296
\XC@countmixins=\count297
)
(C:\Users\Magyolis Napoles\AppData\Local\Programs\MiKTeX\tex/latex/base\atbegsh
i-ltx.sty
Package: atbegshi-ltx 2021/01/10 v1.0c Emulation of the original atbegshi
package with kernel methods
)
(C:\Users\Magyolis Napoles\AppData\Local\Programs\MiKTeX\tex/latex/hyperref\hyp
erref.sty
Package: hyperref 2023-02-07 v7.00v Hypertext links for LaTeX

(C:\Users\Magyolis Napoles\AppData\Local\Programs\MiKTeX\tex/generic/ltxcmds\lt
xcmds.sty
Package: ltxcmds 2020-05-10 v1.25 LaTeX kernel commands for general use (HO)
)
(C:\Users\Magyolis Napoles\AppData\Local\Programs\MiKTeX\tex/generic/pdftexcmds
\pdftexcmds.sty
Package: pdftexcmds 2020-06-27 v0.33 Utility functions of pdfTeX for LuaTeX (HO
)

(C:\Users\Magyolis Napoles\AppData\Local\Programs\MiKTeX\tex/generic/infwarerr\
infwarerr.sty
Package: infwarerr 2019/12/03 v1.5 Providing info/warning/error messages (HO)
)
Package pdftexcmds Info: \pdf@primitive is available.
Package pdftexcmds Info: \pdf@ifprimitive is available.
Package pdftexcmds Info: \pdfdraftmode found.
)
(C:\Users\Magyolis Napoles\AppData\Local\Programs\MiKTeX\tex/latex/kvsetkeys\kv
setkeys.sty
Package: kvsetkeys 2022-10-05 v1.19 Key value parser (HO)
)
(C:\Users\Magyolis Napoles\AppData\Local\Programs\MiKTeX\tex/generic/kvdefineke
ys\kvdefinekeys.sty
Package: kvdefinekeys 2019-12-19 v1.6 Define keys (HO)
)
(C:\Users\Magyolis Napoles\AppData\Local\Programs\MiKTeX\tex/generic/pdfescape\
pdfescape.sty
Package: pdfescape 2019/12/09 v1.15 Implements pdfTeX's escape features (HO)
)
(C:\Users\Magyolis Napoles\AppData\Local\Programs\MiKTeX\tex/latex/hycolor\hyco
lor.sty
Package: hycolor 2020-01-27 v1.10 Color options for hyperref/bookmark (HO)
)
(C:\Users\Magyolis Napoles\AppData\Local\Programs\MiKTeX\tex/latex/letltxmacro\
letltxmacro.sty
Package: letltxmacro 2019/12/03 v1.6 Let assignment for LaTeX macros (HO)
)
(C:\Users\Magyolis Napoles\AppData\Local\Programs\MiKTeX\tex/latex/auxhook\auxh
ook.sty
Package: auxhook 2019-12-17 v1.6 Hooks for auxiliary files (HO)
)
(C:\Users\Magyolis Napoles\AppData\Local\Programs\MiKTeX\tex/latex/hyperref\nam
eref.sty
Package: nameref 2022-05-17 v2.50 Cross-referencing by name of section

(C:\Users\Magyolis Napoles\AppData\Local\Programs\MiKTeX\tex/latex/refcount\ref
count.sty
Package: refcount 2019/12/15 v3.6 Data extraction from label references (HO)
)
(C:\Users\Magyolis Napoles\AppData\Local\Programs\MiKTeX\tex/generic/gettitlest
ring\gettitlestring.sty
Package: gettitlestring 2019/12/15 v1.6 Cleanup title references (HO)

(C:\Users\Magyolis Napoles\AppData\Local\Programs\MiKTeX\tex/latex/kvoptions\kv
options.sty
Package: kvoptions 2022-06-15 v3.15 Key value format for package options (HO)
))
\c@section@level=\count298
)
\@linkdim=\dimen267
\Hy@linkcounter=\count299
\Hy@pagecounter=\count300

(C:\Users\Magyolis Napoles\AppData\Local\Programs\MiKTeX\tex/latex/hyperref\pd1
enc.def
File: pd1enc.def 2023-02-07 v7.00v Hyperref: PDFDocEncoding definition (HO)
Now handling font encoding PD1 ...
... no UTF-8 mapping file for font encoding PD1
)
(C:\Users\Magyolis Napoles\AppData\Local\Programs\MiKTeX\tex/generic/intcalc\in
tcalc.sty
Package: intcalc 2019/12/15 v1.3 Expandable calculations with integers (HO)
)
(C:\Users\Magyolis Napoles\AppData\Local\Programs\MiKTeX\tex/generic/etexcmds\e
texcmds.sty
Package: etexcmds 2019/12/15 v1.7 Avoid name clashes with e-TeX commands (HO)
)
\Hy@SavedSpaceFactor=\count301

(C:\Users\Magyolis Napoles\AppData\Local\Programs\MiKTeX\tex/latex/hyperref\pue
nc.def
File: puenc.def 2023-02-07 v7.00v Hyperref: PDF Unicode definition (HO)
Now handling font encoding PU ...
... no UTF-8 mapping file for font encoding PU
)
Package hyperref Info: Option `bookmarks' set `true' on input line 4060.
Package hyperref Info: Option `bookmarksopen' set `true' on input line 4060.
Package hyperref Info: Option `implicit' set `false' on input line 4060.
Package hyperref Info: Hyper figures OFF on input line 4177.
Package hyperref Info: Link nesting OFF on input line 4182.
Package hyperref Info: Hyper index ON on input line 4185.
Package hyperref Info: Plain pages OFF on input line 4192.
Package hyperref Info: Backreferencing OFF on input line 4197.
Package hyperref Info: Implicit mode OFF; no redefinition of LaTeX internals.
Package hyperref Info: Bookmarks ON on input line 4425.
\c@Hy@tempcnt=\count302

(C:\Users\Magyolis Napoles\AppData\Local\Programs\MiKTeX\tex/latex/url\url.sty
\Urlmuskip=\muskip16
Package: url 2013/09/16  ver 3.4  Verb mode for urls, etc.
)
LaTeX Info: Redefining \url on input line 4763.
\XeTeXLinkMargin=\dimen268

(C:\Users\Magyolis Napoles\AppData\Local\Programs\MiKTeX\tex/generic/bitset\bit
set.sty
Package: bitset 2019/12/09 v1.3 Handle bit-vector datatype (HO)

(C:\Users\Magyolis Napoles\AppData\Local\Programs\MiKTeX\tex/generic/bigintcalc
\bigintcalc.sty
Package: bigintcalc 2019/12/15 v1.5 Expandable calculations on big integers (HO
)
))
\Fld@menulength=\count303
\Field@Width=\dimen269
\Fld@charsize=\dimen270
Package hyperref Info: Hyper figures OFF on input line 6042.
Package hyperref Info: Link nesting OFF on input line 6047.
Package hyperref Info: Hyper index ON on input line 6050.
Package hyperref Info: backreferencing OFF on input line 6057.
Package hyperref Info: Link coloring OFF on input line 6062.
Package hyperref Info: Link coloring with OCG OFF on input line 6067.
Package hyperref Info: PDF/A mode OFF on input line 6072.
\Hy@abspage=\count304


Package hyperref Message: Stopped early.

)
Package hyperref Info: Driver (autodetected): hpdftex.

(C:\Users\Magyolis Napoles\AppData\Local\Programs\MiKTeX\tex/latex/hyperref\hpd
ftex.def
File: hpdftex.def 2023-02-07 v7.00v Hyperref driver for pdfTeX

(C:\Users\Magyolis Napoles\AppData\Local\Programs\MiKTeX\tex/latex/base\atverye
nd-ltx.sty
Package: atveryend-ltx 2020/08/19 v1.0a Emulation of the original atveryend pac
kage
with kernel methods
)
\Fld@listcount=\count305
\c@bookmark@seq@number=\count306

(C:\Users\Magyolis Napoles\AppData\Local\Programs\MiKTeX\tex/latex/rerunfileche
ck\rerunfilecheck.sty
Package: rerunfilecheck 2022-07-10 v1.10 Rerun checks for auxiliary files (HO)


! LaTeX Error: File `uniquecounter.sty' not found.

Type X to quit or <RETURN> to proceed,
or enter new name. (Default extension: sty)

Enter file name: 
! Emergency stop.
<read *> 
         
l.270 \RequirePackage{uniquecounter}[2009/12/18]
                                                ^^M
*** (cannot \read from terminal in nonstop modes)

 
Here is how much of TeX's memory you used:
 15606 strings out of 476331
 289719 string characters out of 5782537
 1849660 words of memory out of 5000000
 35823 multiletter control sequences out of 15000+600000
 512585 words of font info for 33 fonts, out of 8000000 for 9000
 1141 hyphenation exceptions out of 8191
 90i,0n,90p,419b,62s stack positions out of 10000i,1000n,20000p,200000b,200000s
!  ==> Fatal error occurred, no output PDF file produced!
